-193,
-184,
-195,
-193,
-186,
-180,
-165,
-184,
-178,
-188,
-189,
-180,
-185,
-188,
-188,
-190,
-193,
-193,
-180,
-185,
-184,
-190,
-182,
-184,
-187,
-184,
-183,
-191,
-188,
-183,
-182,
-188,
-194,
-180,
-186,
-183,
-196,
-192,
-181,
-188,
-187,
-180,
-182,
-182,
-181,
-193,
-189,
-184,
-188,
-194,
-192,
-186,
-186,
-190,
-190,
-192,
-191,
-191,
-188,
-180,
-172,
-175,
-190,
-190,
-197,
-185,
-182,
-191,
-184,
-191,
-175,
-171,
-181,
-193,
-190,
-190,
-193,
-196,
-193,
-195,
-196,
-182,
-199,
-186,
-177,
-192,
-194,
-194,
-192,
-190,
-186,
-190,
-193,
-187,
-191,
-190,
-190,
-186,
-183,
-175,
-181,
-187,
-180,
-186,
-184,
-186,
-185,
-185,
-194,
-194,
-183,
-188,
-190,
-181,
-178,
-189,
-174,
-188,
-183,
-178,
-184,
-193,
-172,
-180,
-193,
-193,
-188,
-183,
-174,
-183,
-196,
-193,
-182,
-181,
-184,
-181,
-162,
-185,
-190,
-172,
-180,
-184,
-184,
-184,
-185,
-177,
-179,
-173,
-187,
-180,
-190,
-189,
-194,
-186,
-191,
-188,
-184,
-190,
-185,
-187,
-189,
-177,
-192,
-186,
-169,
-187,
-190,
-178,
-184,
-185,
-188,
-183,
-191,
-190,
-194,
-191,
-191,
-180,
-182,
-177,
-181,
-193,
-176,
-187,
-192,
-188,
-189,
-188,
-195,
-189,
-176,
-188,
-190,
-192,
-191,
-178,
-186,
-182,
-168,
-185,
-178,
-191,
-189,
-186,
-189,
-186,
-192,
-187,
-193,
-183,
-167,
-186,
-190,
-179,
-180,
-189,
-191,
-188,
-176,
-186,
-180,
-194,
-188,
-192,
-186,
-191,
-191,
-191,
-189,
-183,
-182,
-200,
-195,
-191,
-192,
-190,
-184,
-187,
-184,
-194,
-190,
-190,
-194,
-179,
-187,
-188,
-178,
-190,
-193,
-186,
-188,
-190,
-195,
-179,
-192,
-198,
-190,
-183,
-187,
-177,
-183,
-178,
-188,
-183,
-158,
-180,
-171,
-169,
-190,
-184,
-191,
-185,
-169,
-186,
-196,
-189,
-190,
-184,
-186,
-186,
-184,
-181,
-182,
-190,
-188,
-189,
-182,
-191,
-189,
-192,
-186,
-189,
-179,
-196,
-188,
-181,
-186,
-181,
-186,
-185,
-188,
-182,
-186,
-188,
-196,
-196,
-193,
-192,
-192,
-186,
-186,
-191,
-185,
-181,
-190,
-196,
-194,
-187,
-186,
-196,
-190,
-193,
-192,
-186,
-192,
-191,
-185,
-194,
-188,
-194,
-185,
-184,
-184,
-187,
-188,
-193,
-175,
-182,
-184,
-184,
-190,
-195,
-187,
-194,
-193,
-185,
-184,
-186,
-188,
-187,
-183,
-190,
-190,
-190,
-185,
-180,
-187,
-185,
-174,
-182,
-186,
-180,
-183,
-189,
-180,
-186,
-174,
-181,
-170,
-184,
-186,
-176,
-180,
-182,
-175,
-185,
-186,
-194,
-194,
-187,
-198,
-183,
-181,
-186,
-192,
-183,
-185,
-189,
-188,
-175,
-186,
-195,
-191,
-184,
-188,
-192,
-195,
-189,
-181,
-186,
-185,
-187,
-186,
-178,
-173,
-181,
-191,
-191,
-196,
-192,
-183,
-179,
-189,
-178,
-180,
-186,
-189,
-181,
-188,
-189,
-187,
-185,
-190,
-175,
-180,
-188,
-185,
-185,
-186,
-192,
-193,
-176,
-178,
-174,
-183,
-184,
-176,
-189,
-186,
-179,
-195,
-181,
-175,
-184,
-188,
-192,
-192,
-188,
-184,
-175,
-188,
-183,
-185,
-192,
-196,
-189,
-190,
-182,
-186,
-193,
-202,
-193,
-192,
-178,
-193,
-182,
-192,
-186,
-196,
-189,
-188,
-189,
-191,
-187,
-192,
-189,
-190,
-187,
-188,
-185,
-190,
-193,
-196,
-186,
-185,
-193,
-181,
-186,
-190,
-190,
-183,
-184,
-183,
-190,
-189,
-190,
-183,
-189,
-190,
-182,
-179,
-183,
-185,
-180,
-187,
-184,
-181,
-173,
-184,
-184,
-182,
-195,
-182,
-189,
-192,
-187,
-192,
-190,
-195,
-185,
-178,
-191,
-189,
-194,
-173,
-182,
-180,
-181,
-189,
-186,
-196,
-197,
-185,
-191,
-178,
-176,
-179,
-182,
-192,
-188,
-181,
-163,
-183,
-191,
-190,
-186,
-188,
-190,
-176,
-192,
-184,
-189,
-190,
-193,
-193,
-188,
-188,
-186,
-184,
-182,
-179,
-185,
-188,
-193,
-189,
-180,
-190,
-189,
-185,
-187,
-181,
-186,
-178,
-188,
-186,
-182,
-192,
-182,
-184,
-191,
-186,
-176,
-171,
-191,
-171,
-175,
-179,
-185,
-172,
-190,
