-191,
-190,
-192,
-191,
-192,
-179,
-165,
-184,
-185,
-188,
-172,
-178,
-188,
-188,
-190,
-190,
-193,
-190,
-184,
-183,
-184,
-193,
-186,
-185,
-179,
-183,
-185,
-191,
-188,
-184,
-180,
-192,
-192,
-186,
-187,
-190,
-192,
-181,
-178,
-197,
-189,
-184,
-172,
-183,
-193,
-185,
-189,
-178,
-188,
-184,
-191,
-188,
-193,
-192,
-190,
-187,
-187,
-188,
-189,
-174,
-173,
-179,
-179,
-187,
-194,
-190,
-190,
-190,
-186,
-190,
-177,
-179,
-177,
-190,
-186,
-196,
-193,
-193,
-194,
-190,
-192,
-183,
-188,
-186,
-192,
-190,
-192,
-188,
-190,
-190,
-192,
-194,
-196,
-189,
-182,
-190,
-196,
-188,
-185,
-172,
-180,
-186,
-185,
-178,
-182,
-187,
-185,
-191,
-196,
-189,
-183,
-189,
-190,
-192,
-182,
-188,
-185,
-187,
-180,
-178,
-188,
-195,
-186,
-186,
-196,
-190,
-188,
-185,
-189,
-191,
-191,
-195,
-179,
-185,
-183,
-179,
-190,
-181,
-192,
-175,
-195,
-184,
-186,
-186,
-182,
-181,
-181,
-174,
-185,
-186,
-180,
-190,
-194,
-185,
-185,
-189,
-195,
-188,
-187,
-195,
-190,
-179,
-196,
-190,
-179,
-193,
-195,
-175,
-176,
-185,
-187,
-181,
-194,
-196,
-194,
-191,
-187,
-178,
-184,
-193,
-191,
-193,
-177,
-185,
-194,
-189,
-192,
-188,
-196,
-193,
-183,
-189,
-195,
-188,
-191,
-180,
-186,
-181,
-178,
-188,
-188,
-188,
-169,
-192,
-183,
-185,
-194,
-185,
-193,
-184,
-175,
-180,
-188,
-180,
-187,
-189,
-187,
-182,
-178,
-184,
-189,
-198,
-196,
-188,
-194,
-194,
-190,
-185,
-183,
-182,
-184,
-197,
-192,
-187,
-188,
-182,
-188,
-179,
-183,
-196,
-186,
-192,
-194,
-177,
-183,
-192,
-182,
-189,
-192,
-192,
-190,
-185,
-191,
-192,
-192,
-190,
-186,
-186,
-184,
-177,
-181,
-178,
-188,
-184,
-160,
-176,
-171,
-173,
-186,
-186,
-186,
-195,
-169,
-192,
-198,
-186,
-187,
-192,
-188,
-185,
-190,
-181,
-187,
-187,
-188,
-183,
-184,
-191,
-189,
-192,
-190,
-189,
-185,
-195,
-184,
-181,
-188,
-186,
-192,
-186,
-199,
-190,
-190,
-189,
-185,
-197,
-192,
-190,
-193,
-188,
-186,
-183,
-191,
-191,
-193,
-190,
-200,
-182,
-188,
-197,
-195,
-189,
-190,
-186,
-194,
-187,
-183,
-190,
-198,
-190,
-197,
-191,
-183,
-178,
-189,
-193,
-185,
-183,
-191,
-186,
-182,
-176,
-195,
-184,
-194,
-182,
-188,
-188,
-190,
-179,
-191,
-188,
-186,
-189,
-188,
-184,
-189,
-189,
-176,
-181,
-181,
-185,
-183,
-191,
-183,
-186,
-175,
-185,
-170,
-182,
-190,
-184,
-182,
-177,
-177,
-197,
-186,
-179,
-194,
-178,
-194,
-181,
-185,
-190,
-192,
-186,
-187,
-188,
-190,
-180,
-194,
-193,
-195,
-184,
-182,
-190,
-187,
-191,
-188,
-188,
-189,
-191,
-184,
-168,
-184,
-179,
-191,
-194,
-200,
-185,
-179,
-181,
-187,
-182,
-184,
-186,
-190,
-177,
-184,
-187,
-189,
-189,
-192,
-183,
-182,
-193,
-183,
-185,
-190,
-193,
-193,
-177,
-186,
-190,
-197,
-176,
-176,
-190,
-180,
-179,
-195,
-183,
-181,
-184,
-190,
-195,
-184,
-193,
-177,
-171,
-188,
-188,
-192,
-194,
-196,
-182,
-187,
-180,
-178,
-193,
-204,
-189,
-190,
-184,
-194,
-180,
-192,
-193,
-200,
-187,
-188,
-185,
-189,
-193,
-193,
-196,
-180,
-184,
-185,
-186,
-188,
-191,
-186,
-192,
-185,
-192,
-187,
-182,
-194,
-185,
-187,
-190,
-183,
-187,
-190,
-193,
-194,
-189,
-189,
-184,
-177,
-182,
-191,
-181,
-186,
-184,
-175,
-179,
-180,
-188,
-186,
-191,
-190,
-189,
-195,
-191,
-190,
-185,
-190,
-179,
-182,
-191,
-187,
-196,
-171,
-188,
-178,
-183,
-189,
-190,
-188,
-195,
-185,
-186,
-185,
-168,
-173,
-176,
-191,
-192,
-167,
-177,
-186,
-187,
-192,
-188,
-192,
-190,
-172,
-194,
-188,
-189,
-195,
-187,
-190,
-185,
-187,
-180,
-190,
-192,
-181,
-178,
-190,
-193,
-193,
-184,
-187,
-191,
-182,
-193,
-192,
-182,
-180,
-186,
-189,
-178,
-188,
-182,
-184,
-188,
-185,
-175,
-182,
-185,
-171,
-171,
-185,
-183,
-174,
-188,
