-192,
-191,
-190,
-192,
-191,
-187,
-179,
-165,
-184,
-185,
-188,
-172,
-178,
-188,
-186,
-190,
-186,
-190,
-190,
-184,
-183,
-184,
-184,
-186,
-185,
-179,
-183,
-185,
-191,
-188,
-184,
-180,
-192,
-192,
-185,
-187,
-190,
-192,
-181,
-178,
-192,
-189,
-184,
-172,
-183,
-192,
-185,
-189,
-178,
-188,
-184,
-190,
-188,
-190,
-191,
-190,
-187,
-187,
-188,
-186,
-174,
-173,
-179,
-179,
-187,
-185,
-190,
-190,
-190,
-186,
-190,
-177,
-179,
-177,
-190,
-186,
-191,
-192,
-193,
-194,
-190,
-188,
-183,
-188,
-186,
-190,
-189,
-186,
-188,
-189,
-190,
-192,
-194,
-191,
-189,
-182,
-190,
-196,
-188,
-185,
-172,
-180,
-186,
-185,
-178,
-182,
-187,
-185,
-191,
-190,
-189,
-183,
-189,
-190,
-192,
-182,
-188,
-185,
-187,
-180,
-178,
-188,
-195,
-186,
-186,
-188,
-190,
-188,
-185,
-189,
-186,
-191,
-189,
-179,
-185,
-183,
-179,
-190,
-181,
-192,
-175,
-193,
-184,
-186,
-186,
-182,
-181,
-181,
-174,
-185,
-186,
-180,
-188,
-188,
-178,
-185,
-189,
-192,
-188,
-187,
-193,
-182,
-179,
-195,
-190,
-179,
-192,
-194,
-175,
-176,
-185,
-187,
-181,
-192,
-186,
-187,
-191,
-187,
-178,
-184,
-192,
-191,
-182,
-177,
-185,
-194,
-189,
-192,
-188,
-195,
-193,
-183,
-189,
-192,
-188,
-191,
-180,
-186,
-181,
-178,
-188,
-188,
-177,
-169,
-191,
-183,
-185,
-188,
-185,
-192,
-184,
-175,
-180,
-188,
-180,
-187,
-189,
-187,
-180,
-178,
-184,
-186,
-195,
-184,
-188,
-194,
-189,
-190,
-185,
-183,
-182,
-184,
-197,
-192,
-187,
-188,
-182,
-188,
-179,
-183,
-194,
-186,
-192,
-190,
-177,
-183,
-180,
-182,
-189,
-192,
-192,
-190,
-185,
-191,
-192,
-188,
-190,
-186,
-186,
-184,
-177,
-181,
-178,
-188,
-184,
-160,
-176,
-171,
-173,
-186,
-186,
-186,
-185,
-169,
-186,
-192,
-186,
-187,
-185,
-188,
-185,
-190,
-181,
-187,
-182,
-182,
-183,
-184,
-190,
-189,
-192,
-190,
-189,
-185,
-186,
-184,
-181,
-188,
-182,
-187,
-186,
-196,
-190,
-190,
-189,
-185,
-193,
-192,
-190,
-193,
-186,
-186,
-183,
-188,
-191,
-193,
-182,
-184,
-182,
-188,
-182,
-190,
-189,
-190,
-186,
-192,
-187,
-183,
-190,
-193,
-190,
-186,
-191,
-183,
-178,
-189,
-188,
-185,
-183,
-184,
-186,
-182,
-176,
-195,
-184,
-189,
-182,
-188,
-188,
-188,
-179,
-191,
-188,
-186,
-189,
-188,
-184,
-189,
-189,
-176,
-181,
-181,
-185,
-183,
-191,
-183,
-186,
-175,
-185,
-170,
-182,
-190,
-184,
-182,
-177,
-177,
-184,
-186,
-179,
-191,
-178,
-188,
-181,
-185,
-190,
-192,
-186,
-187,
-188,
-190,
-180,
-192,
-185,
-195,
-182,
-182,
-188,
-187,
-191,
-188,
-187,
-189,
-191,
-184,
-168,
-184,
-179,
-190,
-194,
-190,
-185,
-179,
-181,
-177,
-182,
-184,
-186,
-184,
-177,
-184,
-186,
-189,
-188,
-192,
-183,
-182,
-192,
-183,
-185,
-190,
-193,
-180,
-177,
-186,
-190,
-190,
-176,
-176,
-189,
-179,
-179,
-192,
-183,
-181,
-180,
-190,
-189,
-184,
-190,
-177,
-171,
-188,
-188,
-192,
-194,
-188,
-182,
-187,
-180,
-178,
-192,
-192,
-189,
-190,
-184,
-194,
-180,
-192,
-193,
-194,
-187,
-188,
-185,
-188,
-190,
-193,
-182,
-180,
-184,
-185,
-186,
-188,
-191,
-186,
-184,
-185,
-192,
-184,
-182,
-186,
-185,
-187,
-189,
-183,
-187,
-188,
-190,
-194,
-189,
-189,
-184,
-177,
-182,
-191,
-181,
-186,
-184,
-175,
-179,
-180,
-188,
-186,
-182,
-190,
-189,
-189,
-190,
-190,
-185,
-188,
-179,
-179,
-191,
-187,
-177,
-171,
-185,
-178,
-183,
-189,
-182,
-188,
-195,
-185,
-186,
-180,
-168,
-173,
-176,
-191,
-190,
-167,
-177,
-186,
-187,
-186,
-188,
-188,
-188,
-172,
-194,
-188,
-179,
-186,
-187,
-188,
-185,
-187,
-180,
-185,
-187,
-181,
-178,
-190,
-193,
-192,
-184,
-187,
-190,
-182,
-189,
-190,
-182,
-180,
-186,
-187,
-178,
-188,
-182,
-184,
-188,
-185,
-175,
-182,
-185,
-171,
-171,
-185,
-183,
-174,
